d:\users\lucas\bureau\ets\4-automne 2019\gpa434\gpa434_lab3_sol\gpa434_lab3_pro\x64\debug\gpa434_lab3_pro.obj
d:\users\lucas\bureau\ets\4-automne 2019\gpa434\gpa434_lab3_sol\gpa434_lab3_pro\x64\debug\main.obj
d:\users\lucas\bureau\ets\4-automne 2019\gpa434\gpa434_lab3_sol\gpa434_lab3_pro\x64\debug\grass_t.obj
d:\users\lucas\bureau\ets\4-automne 2019\gpa434\gpa434_lab3_sol\gpa434_lab3_pro\x64\debug\p_fire.obj
d:\users\lucas\bureau\ets\4-automne 2019\gpa434\gpa434_lab3_sol\gpa434_lab3_pro\x64\debug\qarrowitem.obj
d:\users\lucas\bureau\ets\4-automne 2019\gpa434\gpa434_lab3_sol\gpa434_lab3_pro\x64\debug\staticentity.obj
d:\users\lucas\bureau\ets\4-automne 2019\gpa434\gpa434_lab3_sol\gpa434_lab3_pro\x64\debug\qrc_gpa434_lab3_pro.obj
d:\users\lucas\bureau\ets\4-automne 2019\gpa434\gpa434_lab3_sol\gpa434_lab3_pro\x64\debug\moc_gpa434_lab3_pro.obj
d:\users\lucas\bureau\ets\4-automne 2019\gpa434\gpa434_lab3_sol\gpa434_lab3_pro\x64\debug\fire_t.obj
d:\users\lucas\bureau\ets\4-automne 2019\gpa434\gpa434_lab3_sol\gpa434_lab3_pro\x64\debug\pokemon.obj
d:\users\lucas\bureau\ets\4-automne 2019\gpa434\gpa434_lab3_sol\gpa434_lab3_pro\x64\debug\qaboutdialog.obj
d:\users\lucas\bureau\ets\4-automne 2019\gpa434\gpa434_lab3_sol\gpa434_lab3_pro\x64\debug\qcontrolbar.obj
d:\users\lucas\bureau\ets\4-automne 2019\gpa434\gpa434_lab3_sol\gpa434_lab3_pro\x64\debug\territory.obj
d:\users\lucas\bureau\ets\4-automne 2019\gpa434\gpa434_lab3_sol\gpa434_lab3_pro\x64\debug\moc_qcontrolbar.obj
d:\users\lucas\bureau\ets\4-automne 2019\gpa434\gpa434_lab3_sol\gpa434_lab3_pro\x64\debug\berry.obj
d:\users\lucas\bureau\ets\4-automne 2019\gpa434\gpa434_lab3_sol\gpa434_lab3_pro\x64\debug\p_water.obj
d:\users\lucas\bureau\ets\4-automne 2019\gpa434\gpa434_lab3_sol\gpa434_lab3_pro\x64\debug\qdynamicitem.obj
d:\users\lucas\bureau\ets\4-automne 2019\gpa434\gpa434_lab3_sol\gpa434_lab3_pro\x64\debug\water_t.obj
d:\users\lucas\bureau\ets\4-automne 2019\gpa434\gpa434_lab3_sol\gpa434_lab3_pro\x64\debug\moc_qaboutdialog.obj
d:\users\lucas\bureau\ets\4-automne 2019\gpa434\gpa434_lab3_sol\gpa434_lab3_pro\x64\debug\p_grass.obj
d:\users\lucas\bureau\ets\4-automne 2019\gpa434\gpa434_lab3_sol\gpa434_lab3_pro\x64\debug\qcolorbox.obj
d:\users\lucas\bureau\ets\4-automne 2019\gpa434\gpa434_lab3_sol\gpa434_lab3_pro\x64\debug\qparameters.obj
d:\users\lucas\bureau\ets\4-automne 2019\gpa434\gpa434_lab3_sol\gpa434_lab3_pro\x64\debug\moc_qparameters.obj
d:\users\lucas\bureau\ets\4-automne 2019\gpa434\gpa434_lab3_sol\gpa434_lab3_pro\x64\debug\vc141.pdb
d:\users\lucas\bureau\ets\4-automne 2019\gpa434\gpa434_lab3_sol\gpa434_lab3_pro\x64\debug\uic\ui_gpa434_lab3_pro.h
d:\users\lucas\bureau\ets\4-automne 2019\gpa434\gpa434_lab3_sol\gpa434_lab3_pro\x64\debug\rcc\qrc_gpa434_lab3_pro.cpp
d:\users\lucas\bureau\ets\4-automne 2019\gpa434\gpa434_lab3_sol\gpa434_lab3_pro\x64\debug\moc\moc_gpa434_lab3_pro.cpp
d:\users\lucas\bureau\ets\4-automne 2019\gpa434\gpa434_lab3_sol\gpa434_lab3_pro\x64\debug\moc\moc_qparameters.cpp
d:\users\lucas\bureau\ets\4-automne 2019\gpa434\gpa434_lab3_sol\gpa434_lab3_pro\x64\debug\moc\moc_qcontrolbar.cpp
d:\users\lucas\bureau\ets\4-automne 2019\gpa434\gpa434_lab3_sol\gpa434_lab3_pro\x64\debug\moc\moc_qaboutdialog.cpp
d:\users\lucas\bureau\ets\4-automne 2019\gpa434\gpa434_lab3_sol\x64\debug\gpa434_lab3_pro.exe
d:\users\lucas\bureau\ets\4-automne 2019\gpa434\gpa434_lab3_sol\x64\debug\gpa434_lab3_pro.ilk
d:\users\lucas\bureau\ets\4-automne 2019\gpa434\gpa434_lab3_sol\x64\debug\gpa434_lab3_pro.pdb
d:\users\lucas\bureau\ets\4-automne 2019\gpa434\gpa434_lab3_sol\gpa434_lab3_pro\x64\debug\\moc\moc_gpa434_lab3_pro.cpp
d:\users\lucas\bureau\ets\4-automne 2019\gpa434\gpa434_lab3_sol\gpa434_lab3_pro\x64\debug\\moc\moc_qparameters.cpp
d:\users\lucas\bureau\ets\4-automne 2019\gpa434\gpa434_lab3_sol\gpa434_lab3_pro\x64\debug\\moc\moc_qcontrolbar.cpp
d:\users\lucas\bureau\ets\4-automne 2019\gpa434\gpa434_lab3_sol\gpa434_lab3_pro\x64\debug\\moc\moc_qaboutdialog.cpp
d:\users\lucas\bureau\ets\4-automne 2019\gpa434\gpa434_lab3_sol\gpa434_lab3_pro\x64\debug\\rcc\qrc_gpa434_lab3_pro.cpp
d:\users\lucas\bureau\ets\4-automne 2019\gpa434\gpa434_lab3_sol\gpa434_lab3_pro\x64\debug\\uic\ui_gpa434_lab3_pro.h
d:\users\lucas\bureau\ets\4-automne 2019\gpa434\gpa434_lab3_sol\gpa434_lab3_pro\x64\debug\gpa434_lab3_pro.tlog\cl.command.1.tlog
d:\users\lucas\bureau\ets\4-automne 2019\gpa434\gpa434_lab3_sol\gpa434_lab3_pro\x64\debug\gpa434_lab3_pro.tlog\cl.read.1.tlog
d:\users\lucas\bureau\ets\4-automne 2019\gpa434\gpa434_lab3_sol\gpa434_lab3_pro\x64\debug\gpa434_lab3_pro.tlog\cl.write.1.tlog
d:\users\lucas\bureau\ets\4-automne 2019\gpa434\gpa434_lab3_sol\gpa434_lab3_pro\x64\debug\gpa434_lab3_pro.tlog\gpa434_lab3_pro.write.1u.tlog
d:\users\lucas\bureau\ets\4-automne 2019\gpa434\gpa434_lab3_sol\gpa434_lab3_pro\x64\debug\gpa434_lab3_pro.tlog\link.command.1.tlog
d:\users\lucas\bureau\ets\4-automne 2019\gpa434\gpa434_lab3_sol\gpa434_lab3_pro\x64\debug\gpa434_lab3_pro.tlog\link.read.1.tlog
d:\users\lucas\bureau\ets\4-automne 2019\gpa434\gpa434_lab3_sol\gpa434_lab3_pro\x64\debug\gpa434_lab3_pro.tlog\link.write.1.tlog
d:\users\lucas\bureau\ets\4-automne 2019\gpa434\gpa434_lab3_sol\gpa434_lab3_pro\x64\debug\gpa434_lab3_pro.tlog\moc.read.1u.tlog
d:\users\lucas\bureau\ets\4-automne 2019\gpa434\gpa434_lab3_sol\gpa434_lab3_pro\x64\debug\gpa434_lab3_pro.tlog\moc.write.1u.tlog
d:\users\lucas\bureau\ets\4-automne 2019\gpa434\gpa434_lab3_sol\gpa434_lab3_pro\x64\debug\gpa434_lab3_pro.tlog\rcc.read.1u.tlog
d:\users\lucas\bureau\ets\4-automne 2019\gpa434\gpa434_lab3_sol\gpa434_lab3_pro\x64\debug\gpa434_lab3_pro.tlog\rcc.write.1u.tlog
d:\users\lucas\bureau\ets\4-automne 2019\gpa434\gpa434_lab3_sol\gpa434_lab3_pro\x64\debug\gpa434_lab3_pro.tlog\uic.read.1u.tlog
d:\users\lucas\bureau\ets\4-automne 2019\gpa434\gpa434_lab3_sol\gpa434_lab3_pro\x64\debug\gpa434_lab3_pro.tlog\uic.write.1u.tlog
